<?xml version="1.0" encoding="UTF-8"?>
<!-- Generated by org.testng.reporters.JUnitReportReporter -->
<testsuite hostname="Shiv" failures="0" tests="1" name="com.automationbatch1.testcases.LoginTest" time="4.794" errors="0" timestamp="2024-05-06T22:06:18 IST" skipped="0">
  <testcase classname="com.automationbatch1.testcases.LoginTest" name="testLogin" time="4.794"/>
  <system-out/>
</testsuite> <!-- com.automationbatch1.testcases.LoginTest -->
