<?xml version="1.0" encoding="UTF-8"?>
<!-- Generated by org.testng.reporters.JUnitReportReporter -->
<testsuite hostname="Shiv" failures="0" tests="2" name="selenium.ParallelDemo" time="8.174" errors="0" timestamp="2024-04-15T20:16:13 IST" skipped="0">
  <testcase classname="selenium.ParallelDemo" name="login" time="4.437"/>
  <system-out/>
  <testcase classname="selenium.ParallelDemo" name="login" time="3.737"/>
  <system-out/>
</testsuite> <!-- selenium.ParallelDemo -->
