<?xml version="1.0" encoding="UTF-8"?>
<!-- Generated by org.testng.reporters.JUnitReportReporter -->
<testsuite hostname="Shiv" failures="0" tests="10" name="automation.TestNG.InvocationCountDemo" time="0.023" errors="0" timestamp="2024-04-15T21:46:36 IST" skipped="0">
  <testcase classname="automation.TestNG.InvocationCountDemo" name="test" time="0.001"/>
  <system-out/>
  <testcase classname="automation.TestNG.InvocationCountDemo" name="test" time="0.001"/>
  <system-out/>
  <testcase classname="automation.TestNG.InvocationCountDemo" name="test" time="0.001"/>
  <system-out/>
  <testcase classname="automation.TestNG.InvocationCountDemo" name="test" time="0.001"/>
  <system-out/>
  <testcase classname="automation.TestNG.InvocationCountDemo" name="test" time="0.001"/>
  <system-out/>
  <testcase classname="automation.TestNG.InvocationCountDemo" name="test" time="0.002"/>
  <system-out/>
  <testcase classname="automation.TestNG.InvocationCountDemo" name="test" time="0.002"/>
  <system-out/>
  <testcase classname="automation.TestNG.InvocationCountDemo" name="test" time="0.010"/>
  <system-out/>
  <testcase classname="automation.TestNG.InvocationCountDemo" name="test" time="0.002"/>
  <system-out/>
  <testcase classname="automation.TestNG.InvocationCountDemo" name="test" time="0.002"/>
  <system-out/>
</testsuite> <!-- automation.TestNG.InvocationCountDemo -->
