<?xml version="1.0" encoding="UTF-8"?>
<!-- Generated by org.testng.reporters.JUnitReportReporter -->
<testsuite hostname="Shiv" failures="0" tests="5" name="selenium.DependencyTest" time="0.007" errors="0" timestamp="2024-04-11T20:43:59 IST" skipped="0">
  <testcase classname="selenium.DependencyTest" name="search" time="0.001"/>
  <system-out/>
  <testcase classname="selenium.DependencyTest" name="advanceSearch" time="0.001"/>
  <system-out/>
  <testcase classname="selenium.DependencyTest" name="logout" time="0.002"/>
  <system-out/>
  <testcase classname="selenium.DependencyTest" name="openApp" time="0.002"/>
  <system-out/>
  <testcase classname="selenium.DependencyTest" name="login" time="0.001"/>
  <system-out/>
</testsuite> <!-- selenium.DependencyTest -->
