<?xml version="1.0" encoding="UTF-8"?>
<!-- Generated by org.testng.reporters.JUnitReportReporter -->
<testsuite hostname="Shiv" failures="0" tests="3" name="automation.TestNG.CreatinRandomString" time="0.016" errors="0" timestamp="2024-04-21T15:30:46 IST" skipped="0">
  <testcase classname="automation.TestNG.CreatinRandomString" name="randomString" time="0.003"/>
  <system-out/>
  <testcase classname="automation.TestNG.CreatinRandomString" name="randomAlphaNumeric" time="0.012"/>
  <system-out/>
  <testcase classname="automation.TestNG.CreatinRandomString" name="randomNumber" time="0.001"/>
  <system-out/>
</testsuite> <!-- automation.TestNG.CreatinRandomString -->
