<?xml version="1.0" encoding="UTF-8"?>
<!-- Generated by org.testng.reporters.JUnitReportReporter -->
<testsuite hostname="Shiv" failures="0" tests="4" name="automation.TestNG.DependencyTest" time="0.004" errors="0" timestamp="2024-04-11T22:28:07 IST" skipped="0">
  <testcase classname="automation.TestNG.DependencyTest" name="openApp" time="0.002"/>
  <system-out/>
  <testcase classname="automation.TestNG.DependencyTest" name="login" time="0.000"/>
  <system-out/>
  <testcase classname="automation.TestNG.DependencyTest" name="search" time="0.001"/>
  <system-out/>
  <testcase classname="automation.TestNG.DependencyTest" name="logout" time="0.001"/>
  <system-out/>
</testsuite> <!-- automation.TestNG.DependencyTest -->
