<?xml version="1.0" encoding="UTF-8"?>
<!-- Generated by org.testng.reporters.JUnitReportReporter -->
<testsuite hostname="Shiv" failures="0" tests="1" name="automation.TestNG.DataProviderDemo" time="20.645" errors="0" timestamp="2024-04-14T13:31:34 IST" skipped="0">
  <testcase classname="automation.TestNG.DataProviderDemo" name="login" time="20.645"/>
  <system-out/>
</testsuite> <!-- automation.TestNG.DataProviderDemo -->
