<?xml version="1.0" encoding="UTF-8"?>
<!-- Generated by org.testng.reporters.JUnitReportReporter -->
<testsuite hostname="Shiv" failures="0" tests="10" name="selenium.InvocationCountDemo" time="0.036" errors="0" timestamp="2024-04-15T19:50:44 IST" skipped="0">
  <testcase classname="selenium.InvocationCountDemo" name="test" time="0.004"/>
  <system-out/>
  <testcase classname="selenium.InvocationCountDemo" name="test" time="0.004"/>
  <system-out/>
  <testcase classname="selenium.InvocationCountDemo" name="test" time="0.001"/>
  <system-out/>
  <testcase classname="selenium.InvocationCountDemo" name="test" time="0.004"/>
  <system-out/>
  <testcase classname="selenium.InvocationCountDemo" name="test" time="0.002"/>
  <system-out/>
  <testcase classname="selenium.InvocationCountDemo" name="test" time="0.001"/>
  <system-out/>
  <testcase classname="selenium.InvocationCountDemo" name="test" time="0.006"/>
  <system-out/>
  <testcase classname="selenium.InvocationCountDemo" name="test" time="0.012"/>
  <system-out/>
  <testcase classname="selenium.InvocationCountDemo" name="test" time="0.001"/>
  <system-out/>
  <testcase classname="selenium.InvocationCountDemo" name="test" time="0.001"/>
  <system-out/>
</testsuite> <!-- selenium.InvocationCountDemo -->
