<?xml version="1.0" encoding="UTF-8"?>
<!-- Generated by org.testng.reporters.JUnitReportReporter -->
<testsuite hostname="Shiv" failures="0" tests="1" name="automation.TestNG.GroupingTestsDemo" time="0.011" errors="0" timestamp="2024-04-11T22:38:21 IST" skipped="0">
  <testcase classname="automation.TestNG.GroupingTestsDemo" name="loginByTwitter" time="0.011"/>
  <system-out/>
</testsuite> <!-- automation.TestNG.GroupingTestsDemo -->
