<?xml version="1.0" encoding="UTF-8"?>
<!-- Generated by org.testng.reporters.JUnitReportReporter -->
<testsuite hostname="Shiv" failures="0" tests="1" name="automation.TestNG.TestNGDemo1" time="2.510" errors="0" timestamp="2024-04-30T11:08:32 IST" skipped="0">
  <testcase classname="automation.TestNG.TestNGDemo1" name="login" time="2.510"/>
  <system-out/>
</testsuite> <!-- automation.TestNG.TestNGDemo1 -->
