<?xml version="1.0" encoding="UTF-8"?>
<!-- Generated by org.testng.reporters.JUnitReportReporter -->
<testsuite hostname="Shiv" failures="0" tests="2" name="automation.TestNG.TestNGAnnotations" time="0.000" errors="0" timestamp="2024-04-11T20:43:59 IST" skipped="0">
  <testcase classname="automation.TestNG.TestNGAnnotations" name="test1" time="0.000"/>
  <system-out/>
  <testcase classname="automation.TestNG.TestNGAnnotations" name="test2" time="0.000"/>
  <system-out/>
</testsuite> <!-- automation.TestNG.TestNGAnnotations -->
